<?xml version="1.0" encoding="UTF-8"?>
<!-- Generated by org.testng.reporters.JUnitReportReporter -->
<testsuite hostname="DSCHD-LAP-083" name="test_runner.RunCukesRegistration" tests="2" failures="0" timestamp="13 Apr 2022 08:58:22 GMT" time="67.037" errors="1">
  <testcase name="Registration" time="67.036" classname="test_runner.RunCukesRegistration">
    <error type="cucumber.runtime.CucumberException" message="java.lang.AssertionError: WebElement not found on webpage.">
      <![CDATA[cucumber.runtime.CucumberException: java.lang.AssertionError: WebElement not found on webpage.
	at cucumber.api.testng.TestNGCucumberRunner.runCucumber(TestNGCucumberRunner.java:69)
	at test_runner.RunCukesRegistration.Registration(RunCukesRegistration.java:127)
	at sun.reflect.NativeMethodAccessorImpl.invoke0(Native Method)
	at sun.reflect.NativeMethodAccessorImpl.invoke(NativeMethodAccessorImpl.java:62)
	at sun.reflect.DelegatingMethodAccessorImpl.invoke(DelegatingMethodAccessorImpl.java:43)
	at java.lang.reflect.Method.invoke(Method.java:498)
	at org.testng.internal.MethodInvocationHelper.invokeMethod(MethodInvocationHelper.java:85)
	at org.testng.internal.Invoker.invokeMethod(Invoker.java:659)
	at org.testng.internal.Invoker.invokeTestMethod(Invoker.java:845)
	at org.testng.internal.Invoker.invokeTestMethods(Invoker.java:1153)
	at org.testng.internal.TestMethodWorker.invokeTestMethods(TestMethodWorker.java:125)
	at org.testng.internal.TestMethodWorker.run(TestMethodWorker.java:108)
	at org.testng.TestRunner.privateRun(TestRunner.java:771)
	at org.testng.TestRunner.run(TestRunner.java:621)
	at org.testng.SuiteRunner.runTest(SuiteRunner.java:357)
	at org.testng.SuiteRunner.runSequentially(SuiteRunner.java:352)
	at org.testng.SuiteRunner.privateRun(SuiteRunner.java:310)
	at org.testng.SuiteRunner.run(SuiteRunner.java:259)
	at org.testng.SuiteRunnerWorker.runSuite(SuiteRunnerWorker.java:52)
	at org.testng.SuiteRunnerWorker.run(SuiteRunnerWorker.java:86)
	at org.testng.TestNG.runSuitesSequentially(TestNG.java:1199)
	at org.testng.TestNG.runSuitesLocally(TestNG.java:1124)
	at org.testng.TestNG.run(TestNG.java:1032)
	at org.testng.remote.AbstractRemoteTestNG.run(AbstractRemoteTestNG.java:115)
	at org.testng.remote.RemoteTestNG.initAndRun(RemoteTestNG.java:251)
	at org.testng.remote.RemoteTestNG.main(RemoteTestNG.java:77)
Caused by: java.lang.AssertionError: WebElement not found on webpage.
	at org.testng.Assert.fail(Assert.java:94)
	at step_defination.QuickLaunch.password_and_login(QuickLaunch.java:399)
	at âœ½.And Enter Password and login(tenantLogin_Registration/01_Registration.feature:17)
]]>
    </error>
  </testcase> <!-- Registration -->
  <testcase name="regressionRegistration" time="0.001" classname="test_runner.RunCukesRegistration"/>
</testsuite> <!-- test_runner.RunCukesRegistration -->
