<?xml version="1.0" encoding="UTF-8"?>
<!-- Generated by org.testng.reporters.JUnitReportReporter -->
<testsuite hostname="DESKTOP-M8O8C1S" failures="0" tests="5" name="test_runner.RunCukesPreLogin" time="214.653" errors="1" timestamp="28 Mar 2022 06:43:05 GMT">
  <testcase classname="test_runner.RunCukesPreLogin" name="PreLoginNotification" time="31.567"/>
  <testcase classname="test_runner.RunCukesPreLogin" name="PreLoginNotificationPopUp" time="32.425"/>
  <testcase classname="test_runner.RunCukesPreLogin" name="PreLoginNotification" time="34.324"/>
  <testcase classname="test_runner.RunCukesPreLogin" name="PreLoginNotification" time="47.485"/>
  <testcase classname="test_runner.RunCukesPreLogin" name="PreLoginNotification" time="68.852">
    <error message="java.lang.AssertionError: null" type="cucumber.runtime.CucumberException">
      <![CDATA[cucumber.runtime.CucumberException: java.lang.AssertionError: null
	at cucumber.api.testng.TestNGCucumberRunner.runCucumber(TestNGCucumberRunner.java:69)
	at test_runner.RunCukesPreLogin.PreLoginNotification(RunCukesPreLogin.java:130)
	at java.base/jdk.internal.reflect.NativeMethodAccessorImpl.invoke0(Native Method)
	at java.base/jdk.internal.reflect.NativeMethodAccessorImpl.invoke(NativeMethodAccessorImpl.java:62)
	at java.base/jdk.internal.reflect.DelegatingMethodAccessorImpl.invoke(DelegatingMethodAccessorImpl.java:43)
	at java.base/java.lang.reflect.Method.invoke(Method.java:564)
	at org.testng.internal.MethodInvocationHelper.invokeMethod(MethodInvocationHelper.java:85)
	at org.testng.internal.Invoker.invokeMethod(Invoker.java:659)
	at org.testng.internal.Invoker.invokeTestMethod(Invoker.java:845)
	at org.testng.internal.Invoker.invokeTestMethods(Invoker.java:1153)
	at org.testng.internal.TestMethodWorker.invokeTestMethods(TestMethodWorker.java:125)
	at org.testng.internal.TestMethodWorker.run(TestMethodWorker.java:108)
	at org.testng.TestRunner.privateRun(TestRunner.java:771)
	at org.testng.TestRunner.run(TestRunner.java:621)
	at org.testng.SuiteRunner.runTest(SuiteRunner.java:357)
	at org.testng.SuiteRunner.runSequentially(SuiteRunner.java:352)
	at org.testng.SuiteRunner.privateRun(SuiteRunner.java:310)
	at org.testng.SuiteRunner.run(SuiteRunner.java:259)
	at org.testng.SuiteRunnerWorker.runSuite(SuiteRunnerWorker.java:52)
	at org.testng.SuiteRunnerWorker.run(SuiteRunnerWorker.java:86)
	at org.testng.TestNG.runSuitesSequentially(TestNG.java:1199)
	at org.testng.TestNG.runSuitesLocally(TestNG.java:1124)
	at org.testng.TestNG.run(TestNG.java:1032)
	at org.testng.remote.AbstractRemoteTestNG.run(AbstractRemoteTestNG.java:115)
	at org.testng.remote.RemoteTestNG.initAndRun(RemoteTestNG.java:251)
	at org.testng.remote.RemoteTestNG.main(RemoteTestNG.java:77)
Caused by: java.lang.AssertionError: null
	at org.testng.Assert.fail(Assert.java:94)
	at step_defination.PreLogin.Verify_Error_Notification_Message(PreLogin.java:151)
	at âœ½.And Verify Error Notification Message(EndUser_PreLogin/EndUser_PreLoginNotifications.feature:10)
]]>
    </error>
  </testcase> <!-- PreLoginNotification -->
</testsuite> <!-- test_runner.RunCukesPreLogin -->
