<?xml version="1.0" encoding="UTF-8"?>
<!-- Generated by org.testng.reporters.JUnitReportReporter -->
<testsuite hostname="DESKTOP-4KTATF6" name="test_runner.RunCukesTenantAdmin" tests="1" failures="0" timestamp="25 May 2022 08:13:52 GMT" time="1177.560" errors="1">
  <testcase name="TenantLogin" time="1177.560" classname="test_runner.RunCukesTenantAdmin">
    <error type="cucumber.runtime.CucumberException" message="java.lang.AssertionError: Expected condition failed: waiting for element to be clickable: By.cssSelector: .register-form h6 &gt; a (tried for 40 second(s) with 500 milliseconds interval)">
      <![CDATA[cucumber.runtime.CucumberException: java.lang.AssertionError: Expected condition failed: waiting for element to be clickable: By.cssSelector: .register-form h6 > a (tried for 40 second(s) with 500 milliseconds interval)
	at cucumber.api.testng.TestNGCucumberRunner.runCucumber(TestNGCucumberRunner.java:69)
	at test_runner.RunCukesTenantAdmin.TenantLogin(RunCukesTenantAdmin.java:123)
	at sun.reflect.NativeMethodAccessorImpl.invoke0(Native Method)
	at sun.reflect.NativeMethodAccessorImpl.invoke(NativeMethodAccessorImpl.java:62)
	at sun.reflect.DelegatingMethodAccessorImpl.invoke(DelegatingMethodAccessorImpl.java:43)
	at java.lang.reflect.Method.invoke(Method.java:498)
	at org.testng.internal.MethodInvocationHelper.invokeMethod(MethodInvocationHelper.java:85)
	at org.testng.internal.Invoker.invokeMethod(Invoker.java:659)
	at org.testng.internal.Invoker.invokeTestMethod(Invoker.java:845)
	at org.testng.internal.Invoker.invokeTestMethods(Invoker.java:1153)
	at org.testng.internal.TestMethodWorker.invokeTestMethods(TestMethodWorker.java:125)
	at org.testng.internal.TestMethodWorker.run(TestMethodWorker.java:108)
	at org.testng.TestRunner.privateRun(TestRunner.java:771)
	at org.testng.TestRunner.run(TestRunner.java:621)
	at org.testng.SuiteRunner.runTest(SuiteRunner.java:357)
	at org.testng.SuiteRunner.runSequentially(SuiteRunner.java:352)
	at org.testng.SuiteRunner.privateRun(SuiteRunner.java:310)
	at org.testng.SuiteRunner.run(SuiteRunner.java:259)
	at org.testng.SuiteRunnerWorker.runSuite(SuiteRunnerWorker.java:52)
	at org.testng.SuiteRunnerWorker.run(SuiteRunnerWorker.java:86)
	at org.testng.TestNG.runSuitesSequentially(TestNG.java:1199)
	at org.testng.TestNG.runSuitesLocally(TestNG.java:1124)
	at org.testng.TestNG.run(TestNG.java:1032)
	at org.testng.remote.AbstractRemoteTestNG.run(AbstractRemoteTestNG.java:115)
	at org.testng.remote.RemoteTestNG.initAndRun(RemoteTestNG.java:251)
	at org.testng.remote.RemoteTestNG.main(RemoteTestNG.java:77)
Caused by: java.lang.AssertionError: Expected condition failed: waiting for element to be clickable: By.cssSelector: .register-form h6 > a (tried for 40 second(s) with 500 milliseconds interval)
	at org.testng.Assert.fail(Assert.java:94)
	at step_defination.QuickLaunch.Click_on_login_here(QuickLaunch.java:422)
	at âœ½.And Click on login here(TenantAdmin/TenantCreateNewAD.feature:8)
]]>
    </error>
  </testcase> <!-- TenantLogin -->
</testsuite> <!-- test_runner.RunCukesTenantAdmin -->
